{
  "stats": {
    "suites": 0,
    "tests": 1,
    "passes": 1,
    "pending": 0,
    "failures": 0,
    "start": "2022-09-29T10:53:27.772Z",
    "end": "2022-09-29T10:53:37.375Z",
    "duration": 9603,
    "testsRegistered": 1,
    "passPercent": 100,
    "pendingPercent": 0,
    "other": 0,
    "hasOther": false,
    "skipped": 0,
    "hasSkipped": false
  },
  "results": [
    {
      "uuid": "c79ea4dd-3534-4ce4-bdf5-1c95044ac09e",
      "title": "",
      "fullFile": "cypress\\e2e\\test2.cy.js",
      "file": "cypress\\e2e\\test2.cy.js",
      "beforeHooks": [],
      "afterHooks": [],
      "tests": [
        {
          "title": "Demo QA site",
          "fullTitle": "Demo QA site",
          "timedOut": null,
          "duration": 7670,
          "state": "passed",
          "speed": "medium",
          "pass": true,
          "fail": false,
          "pending": false,
          "context": null,
          "code": "cy.visit('https://demoqa.com/', {\n  timeout: 6000\n});\ncy.contains('Elements').click();\ncy.contains('Text Box').click();\ncy.get('#userName').type(\"Pavithra\");\ncy.get('#userEmail').type(\"Pavi@gmail.com\");\ncy.get('#currentAddress').type(\"Nelamangala\");\ncy.get('#permanentAddress').type(\"Dabaspete\");\ncy.get('#submit').click();",
          "err": {},
          "uuid": "c0f45493-b813-480c-8191-9122d628935b",
          "parentUUID": "c79ea4dd-3534-4ce4-bdf5-1c95044ac09e",
          "isHook": false,
          "skipped": false
        }
      ],
      "suites": [],
      "passes": [
        "c0f45493-b813-480c-8191-9122d628935b"
      ],
      "failures": [],
      "pending": [],
      "skipped": [],
      "duration": 7670,
      "root": true,
      "rootEmpty": false,
      "_timeout": 2000
    }
  ],
  "meta": {
    "mocha": {
      "version": "7.0.1"
    },
    "mochawesome": {
      "options": {
        "quiet": false,
        "reportFilename": "mochawesome",
        "saveHtml": false,
        "saveJson": true,
        "consoleReporter": "spec",
        "useInlineDiffs": false,
        "code": true
      },
      "version": "7.1.3"
    },
    "marge": {
      "options": {
        "charts": true,
        "overwrite": false,
        "html": false,
        "json": true,
        "reportDir": "cypress/reports"
      },
      "version": "6.2.0"
    }
  }
}