{
  "stats": {
    "suites": 0,
    "tests": 1,
    "passes": 1,
    "pending": 0,
    "failures": 0,
    "start": "2022-09-29T07:45:32.768Z",
    "end": "2022-09-29T07:45:45.281Z",
    "duration": 12513,
    "testsRegistered": 1,
    "passPercent": 100,
    "pendingPercent": 0,
    "other": 0,
    "hasOther": false,
    "skipped": 0,
    "hasSkipped": false
  },
  "results": [
    {
      "uuid": "0511a175-fc8f-48ba-8c5c-cee160cc1877",
      "title": "",
      "fullFile": "cypress\\e2e\\CheckBox.cy.js",
      "file": "cypress\\e2e\\CheckBox.cy.js",
      "beforeHooks": [],
      "afterHooks": [],
      "tests": [
        {
          "title": "Demo QA site",
          "fullTitle": "Demo QA site",
          "timedOut": null,
          "duration": 8320,
          "state": "passed",
          "speed": "medium",
          "pass": true,
          "fail": false,
          "pending": false,
          "context": null,
          "code": "cy.visit('https://demoqa.com/');\ncy.contains('Elements').click();\ncy.contains('Check Box').click();\ncy.get('.rct-checkbox > .rct-icon').click();",
          "err": {},
          "uuid": "3b9b15aa-8a7d-4ca2-a725-3ebadc815838",
          "parentUUID": "0511a175-fc8f-48ba-8c5c-cee160cc1877",
          "isHook": false,
          "skipped": false
        }
      ],
      "suites": [],
      "passes": [
        "3b9b15aa-8a7d-4ca2-a725-3ebadc815838"
      ],
      "failures": [],
      "pending": [],
      "skipped": [],
      "duration": 8320,
      "root": true,
      "rootEmpty": false,
      "_timeout": 2000
    }
  ],
  "meta": {
    "mocha": {
      "version": "7.0.1"
    },
    "mochawesome": {
      "options": {
        "quiet": false,
        "reportFilename": "mochawesome",
        "saveHtml": false,
        "saveJson": true,
        "consoleReporter": "spec",
        "useInlineDiffs": false,
        "code": true
      },
      "version": "7.1.3"
    },
    "marge": {
      "options": {
        "charts": true,
        "overwrite": false,
        "html": false,
        "json": true,
        "reportDir": "cypress/reports"
      },
      "version": "6.2.0"
    }
  }
}