{
  "stats": {
    "suites": 0,
    "tests": 1,
    "passes": 1,
    "pending": 0,
    "failures": 0,
    "start": "2022-09-29T07:46:27.727Z",
    "end": "2022-09-29T07:46:45.396Z",
    "duration": 17669,
    "testsRegistered": 1,
    "passPercent": 100,
    "pendingPercent": 0,
    "other": 0,
    "hasOther": false,
    "skipped": 0,
    "hasSkipped": false
  },
  "results": [
    {
      "uuid": "903e789c-3403-4bc3-b95c-d03a39b91a0d",
      "title": "",
      "fullFile": "cypress\\e2e\\test1.cy.js",
      "file": "cypress\\e2e\\test1.cy.js",
      "beforeHooks": [],
      "afterHooks": [],
      "tests": [
        {
          "title": "Google search",
          "fullTitle": "Google search",
          "timedOut": null,
          "duration": 14123,
          "state": "passed",
          "speed": "slow",
          "pass": true,
          "fail": false,
          "pending": false,
          "context": null,
          "code": "cy.visit('https://google.com');\ncy.get('.gLFyf').type('automation step by step procedure');\ncy.contains('Google Search').click();",
          "err": {},
          "uuid": "d0698849-1acb-45ef-ab40-883409d003c7",
          "parentUUID": "903e789c-3403-4bc3-b95c-d03a39b91a0d",
          "isHook": false,
          "skipped": false
        }
      ],
      "suites": [],
      "passes": [
        "d0698849-1acb-45ef-ab40-883409d003c7"
      ],
      "failures": [],
      "pending": [],
      "skipped": [],
      "duration": 14123,
      "root": true,
      "rootEmpty": false,
      "_timeout": 2000
    }
  ],
  "meta": {
    "mocha": {
      "version": "7.0.1"
    },
    "mochawesome": {
      "options": {
        "quiet": false,
        "reportFilename": "mochawesome",
        "saveHtml": false,
        "saveJson": true,
        "consoleReporter": "spec",
        "useInlineDiffs": false,
        "code": true
      },
      "version": "7.1.3"
    },
    "marge": {
      "options": {
        "charts": true,
        "overwrite": false,
        "html": false,
        "json": true,
        "reportDir": "cypress/reports"
      },
      "version": "6.2.0"
    }
  }
}