{
  "stats": {
    "suites": 0,
    "tests": 1,
    "passes": 0,
    "pending": 0,
    "failures": 1,
    "start": "2022-09-27T12:06:34.277Z",
    "end": "2022-09-27T12:06:51.644Z",
    "duration": 17367,
    "testsRegistered": 1,
    "passPercent": 0,
    "pendingPercent": 0,
    "other": 0,
    "hasOther": false,
    "skipped": 0,
    "hasSkipped": false
  },
  "results": [
    {
      "uuid": "82c02f00-8e54-41f8-8964-8534fc6a8b96",
      "title": "",
      "fullFile": "cypress\\e2e\\CheckBox.cy.js",
      "file": "cypress\\e2e\\CheckBox.cy.js",
      "beforeHooks": [],
      "afterHooks": [],
      "tests": [
        {
          "title": "Demo QA site",
          "fullTitle": "Demo QA site",
          "timedOut": null,
          "duration": 11602,
          "state": "failed",
          "speed": null,
          "pass": false,
          "fail": true,
          "pending": false,
          "context": null,
          "code": "cy.visit('https://demoqa.com/');\ncy.contains('Elements').click();\ncy.get();\ncy.contains('Check Box').click();\ncy.get('.rct-checkbox > .rct-icon').click();",
          "err": {
            "message": "AssertionError: Timed out retrying after 4000ms: Expected to find element: `undefined`, but never found it.",
            "estack": "AssertionError: Timed out retrying after 4000ms: Expected to find element: `undefined`, but never found it.\n    at Context.eval (webpack:///./cypress/e2e/CheckBox.cy.js:4:3)",
            "diff": null
          },
          "uuid": "3822192c-66fa-48e5-b5cc-a351f368fb50",
          "parentUUID": "82c02f00-8e54-41f8-8964-8534fc6a8b96",
          "isHook": false,
          "skipped": false
        }
      ],
      "suites": [],
      "passes": [],
      "failures": [
        "3822192c-66fa-48e5-b5cc-a351f368fb50"
      ],
      "pending": [],
      "skipped": [],
      "duration": 11602,
      "root": true,
      "rootEmpty": false,
      "_timeout": 2000
    }
  ],
  "meta": {
    "mocha": {
      "version": "7.0.1"
    },
    "mochawesome": {
      "options": {
        "quiet": false,
        "reportFilename": "mochawesome",
        "saveHtml": false,
        "saveJson": true,
        "consoleReporter": "spec",
        "useInlineDiffs": false,
        "code": true
      },
      "version": "7.1.3"
    },
    "marge": {
      "options": {
        "charts": true,
        "overwrite": false,
        "html": false,
        "json": true,
        "reportDir": "cypress/reports"
      },
      "version": "6.2.0"
    }
  }
}