{
  "stats": {
    "suites": 0,
    "tests": 1,
    "passes": 1,
    "pending": 0,
    "failures": 0,
    "start": "2022-09-29T11:10:58.401Z",
    "end": "2022-09-29T11:11:09.570Z",
    "duration": 11169,
    "testsRegistered": 1,
    "passPercent": 100,
    "pendingPercent": 0,
    "other": 0,
    "hasOther": false,
    "skipped": 0,
    "hasSkipped": false
  },
  "results": [
    {
      "uuid": "1b0ea1e0-2e7f-4eec-b72a-f937f8af1b30",
      "title": "",
      "fullFile": "cypress\\e2e\\test1.cy.js",
      "file": "cypress\\e2e\\test1.cy.js",
      "beforeHooks": [],
      "afterHooks": [],
      "tests": [
        {
          "title": "Google search",
          "fullTitle": "Google search",
          "timedOut": null,
          "duration": 8993,
          "state": "passed",
          "speed": "medium",
          "pass": true,
          "fail": false,
          "pending": false,
          "context": null,
          "code": "cy.visit('https://google.com');\ncy.get('.gLFyf').type('automation step by step procedure');\ncy.contains('Google Search').click();",
          "err": {},
          "uuid": "992e772b-8d81-4c69-b6c3-52b604e6e6d4",
          "parentUUID": "1b0ea1e0-2e7f-4eec-b72a-f937f8af1b30",
          "isHook": false,
          "skipped": false
        }
      ],
      "suites": [],
      "passes": [
        "992e772b-8d81-4c69-b6c3-52b604e6e6d4"
      ],
      "failures": [],
      "pending": [],
      "skipped": [],
      "duration": 8993,
      "root": true,
      "rootEmpty": false,
      "_timeout": 2000
    }
  ],
  "meta": {
    "mocha": {
      "version": "7.0.1"
    },
    "mochawesome": {
      "options": {
        "quiet": false,
        "reportFilename": "mochawesome",
        "saveHtml": false,
        "saveJson": true,
        "consoleReporter": "spec",
        "useInlineDiffs": false,
        "code": true
      },
      "version": "7.1.3"
    },
    "marge": {
      "options": {
        "charts": true,
        "overwrite": false,
        "html": false,
        "json": true,
        "reportDir": "cypress/reports"
      },
      "version": "6.2.0"
    }
  }
}