{
  "stats": {
    "suites": 0,
    "tests": 1,
    "passes": 1,
    "pending": 0,
    "failures": 0,
    "start": "2022-09-29T10:52:40.792Z",
    "end": "2022-09-29T10:52:49.309Z",
    "duration": 8517,
    "testsRegistered": 1,
    "passPercent": 100,
    "pendingPercent": 0,
    "other": 0,
    "hasOther": false,
    "skipped": 0,
    "hasSkipped": false
  },
  "results": [
    {
      "uuid": "40191bff-1ca1-4ba5-94d0-562168d92f2c",
      "title": "",
      "fullFile": "cypress\\e2e\\CheckBox.cy.js",
      "file": "cypress\\e2e\\CheckBox.cy.js",
      "beforeHooks": [],
      "afterHooks": [],
      "tests": [
        {
          "title": "Demo QA site",
          "fullTitle": "Demo QA site",
          "timedOut": null,
          "duration": 6104,
          "state": "passed",
          "speed": "medium",
          "pass": true,
          "fail": false,
          "pending": false,
          "context": null,
          "code": "cy.visit('https://demoqa.com/');\ncy.contains('Elements').click();\ncy.contains('Check Box').click();\ncy.get('.rct-checkbox > .rct-icon').click();",
          "err": {},
          "uuid": "6a92dd41-8b7f-4fc8-9f00-b17caf4a8722",
          "parentUUID": "40191bff-1ca1-4ba5-94d0-562168d92f2c",
          "isHook": false,
          "skipped": false
        }
      ],
      "suites": [],
      "passes": [
        "6a92dd41-8b7f-4fc8-9f00-b17caf4a8722"
      ],
      "failures": [],
      "pending": [],
      "skipped": [],
      "duration": 6104,
      "root": true,
      "rootEmpty": false,
      "_timeout": 2000
    }
  ],
  "meta": {
    "mocha": {
      "version": "7.0.1"
    },
    "mochawesome": {
      "options": {
        "quiet": false,
        "reportFilename": "mochawesome",
        "saveHtml": false,
        "saveJson": true,
        "consoleReporter": "spec",
        "useInlineDiffs": false,
        "code": true
      },
      "version": "7.1.3"
    },
    "marge": {
      "options": {
        "charts": true,
        "overwrite": false,
        "html": false,
        "json": true,
        "reportDir": "cypress/reports"
      },
      "version": "6.2.0"
    }
  }
}