{
  "stats": {
    "suites": 0,
    "tests": 1,
    "passes": 1,
    "pending": 0,
    "failures": 0,
    "start": "2022-09-29T11:06:14.558Z",
    "end": "2022-09-29T11:06:23.583Z",
    "duration": 9025,
    "testsRegistered": 1,
    "passPercent": 100,
    "pendingPercent": 0,
    "other": 0,
    "hasOther": false,
    "skipped": 0,
    "hasSkipped": false
  },
  "results": [
    {
      "uuid": "f9a48b3d-fddf-4b98-b128-259320e432bf",
      "title": "",
      "fullFile": "cypress\\e2e\\CheckBox.cy.js",
      "file": "cypress\\e2e\\CheckBox.cy.js",
      "beforeHooks": [],
      "afterHooks": [],
      "tests": [
        {
          "title": "Demo QA site",
          "fullTitle": "Demo QA site",
          "timedOut": null,
          "duration": 6392,
          "state": "passed",
          "speed": "medium",
          "pass": true,
          "fail": false,
          "pending": false,
          "context": null,
          "code": "cy.visit('https://demoqa.com/');\ncy.contains('Elements').click();\ncy.contains('Check Box').click();\ncy.get('.rct-checkbox > .rct-icon').click();",
          "err": {},
          "uuid": "37267143-fe20-4a9e-98aa-cf0d118ae5f4",
          "parentUUID": "f9a48b3d-fddf-4b98-b128-259320e432bf",
          "isHook": false,
          "skipped": false
        }
      ],
      "suites": [],
      "passes": [
        "37267143-fe20-4a9e-98aa-cf0d118ae5f4"
      ],
      "failures": [],
      "pending": [],
      "skipped": [],
      "duration": 6392,
      "root": true,
      "rootEmpty": false,
      "_timeout": 2000
    }
  ],
  "meta": {
    "mocha": {
      "version": "7.0.1"
    },
    "mochawesome": {
      "options": {
        "quiet": false,
        "reportFilename": "mochawesome",
        "saveHtml": false,
        "saveJson": true,
        "consoleReporter": "spec",
        "useInlineDiffs": false,
        "code": true
      },
      "version": "7.1.3"
    },
    "marge": {
      "options": {
        "charts": true,
        "overwrite": false,
        "html": false,
        "json": true,
        "reportDir": "cypress/reports"
      },
      "version": "6.2.0"
    }
  }
}