{
  "stats": {
    "suites": 0,
    "tests": 1,
    "passes": 0,
    "pending": 0,
    "failures": 1,
    "start": "2022-09-29T11:11:14.101Z",
    "end": "2022-09-29T11:11:22.321Z",
    "duration": 8220,
    "testsRegistered": 1,
    "passPercent": 0,
    "pendingPercent": 0,
    "other": 0,
    "hasOther": false,
    "skipped": 0,
    "hasSkipped": false
  },
  "results": [
    {
      "uuid": "47d10fa4-7785-4013-abaf-aad5d24b15ae",
      "title": "",
      "fullFile": "cypress\\e2e\\test2.cy.js",
      "file": "cypress\\e2e\\test2.cy.js",
      "beforeHooks": [],
      "afterHooks": [],
      "tests": [
        {
          "title": "Demo QA site",
          "fullTitle": "Demo QA site",
          "timedOut": null,
          "duration": 6283,
          "state": "failed",
          "speed": null,
          "pass": false,
          "fail": true,
          "pending": false,
          "context": null,
          "code": "cy.visit('https://demoqa.com/', {\n  timeout: 6000\n});\ncy.contains('Elements').click();\ncy.contains('Text Box').click();\ncy.get('#userName').type(\"Pavithra\");\ncy.get('#userEmail').type(\"Pavi@gmail.com\");\ncy.get('#currentAddress').type(\"Nelamangala\");\ncy.get('#permanentAddress').type(\"Dabaspete\");\ncy.get('#submit').click();",
          "err": {
            "message": "CypressError: Timed out after waiting `6000ms` for your remote page to load.\n\nYour page did not fire its `load` event within `6000ms`.\n\nYou can try increasing the `pageLoadTimeout` value in `cypress.config.js` to wait longer.\n\nBrowsers will not fire the `load` event until all stylesheets and scripts are done downloading.\n\nWhen this `load` event occurs, Cypress will continue running commands.",
            "estack": "CypressError: Timed out after waiting `6000ms` for your remote page to load.\n\nYour page did not fire its `load` event within `6000ms`.\n\nYou can try increasing the `pageLoadTimeout` value in `cypress.config.js` to wait longer.\n\nBrowsers will not fire the `load` event until all stylesheets and scripts are done downloading.\n\nWhen this `load` event occurs, Cypress will continue running commands.\n    at timedOutWaitingForPageLoad (https://demoqa.com/__cypress/runner/cypress_runner.js:140945:74)\n    at <unknown> (https://demoqa.com/__cypress/runner/cypress_runner.js:142166:16)\n    at tryCatcher (https://demoqa.com/__cypress/runner/cypress_runner.js:11318:23)\n    at <unknown> (https://demoqa.com/__cypress/runner/cypress_runner.js:6440:41)\n    at tryCatcher (https://demoqa.com/__cypress/runner/cypress_runner.js:11318:23)\n    at Promise._settlePromiseFromHandler (https://demoqa.com/__cypress/runner/cypress_runner.js:9253:31)\n    at Promise._settlePromise (https://demoqa.com/__cypress/runner/cypress_runner.js:9310:18)\n    at Promise._settlePromise0 (https://demoqa.com/__cypress/runner/cypress_runner.js:9355:10)\n    at Promise._settlePromises (https://demoqa.com/__cypress/runner/cypress_runner.js:9431:18)\n    at _drainQueueStep (https://demoqa.com/__cypress/runner/cypress_runner.js:6025:12)\n    at _drainQueue (https://demoqa.com/__cypress/runner/cypress_runner.js:6018:9)\n    at ../../node_modules/bluebird/js/release/async.js.Async._drainQueues (https://demoqa.com/__cypress/runner/cypress_runner.js:6034:5)\n    at Async.drainQueues (https://demoqa.com/__cypress/runner/cypress_runner.js:5904:14)\nFrom Your Spec Code:\n    at Context.eval (webpack:///./cypress/e2e/test2.cy.js:3:3)",
            "diff": null
          },
          "uuid": "8ac8de37-6ae1-4696-a7cf-7dc3f65f0331",
          "parentUUID": "47d10fa4-7785-4013-abaf-aad5d24b15ae",
          "isHook": false,
          "skipped": false
        }
      ],
      "suites": [],
      "passes": [],
      "failures": [
        "8ac8de37-6ae1-4696-a7cf-7dc3f65f0331"
      ],
      "pending": [],
      "skipped": [],
      "duration": 6283,
      "root": true,
      "rootEmpty": false,
      "_timeout": 2000
    }
  ],
  "meta": {
    "mocha": {
      "version": "7.0.1"
    },
    "mochawesome": {
      "options": {
        "quiet": false,
        "reportFilename": "mochawesome",
        "saveHtml": false,
        "saveJson": true,
        "consoleReporter": "spec",
        "useInlineDiffs": false,
        "code": true
      },
      "version": "7.1.3"
    },
    "marge": {
      "options": {
        "charts": true,
        "overwrite": false,
        "html": false,
        "json": true,
        "reportDir": "cypress/reports"
      },
      "version": "6.2.0"
    }
  }
}