{
  "stats": {
    "suites": 0,
    "tests": 1,
    "passes": 1,
    "pending": 0,
    "failures": 0,
    "start": "2022-09-27T12:07:02.719Z",
    "end": "2022-09-27T12:07:17.956Z",
    "duration": 15237,
    "testsRegistered": 1,
    "passPercent": 100,
    "pendingPercent": 0,
    "other": 0,
    "hasOther": false,
    "skipped": 0,
    "hasSkipped": false
  },
  "results": [
    {
      "uuid": "29919860-c9dc-4cfd-adc5-4a7d94c68e8c",
      "title": "",
      "fullFile": "cypress\\e2e\\OrangeHRM.cy.js",
      "file": "cypress\\e2e\\OrangeHRM.cy.js",
      "beforeHooks": [],
      "afterHooks": [],
      "tests": [
        {
          "title": "OrangeHRM ",
          "fullTitle": "OrangeHRM ",
          "timedOut": null,
          "duration": 10081,
          "state": "passed",
          "speed": "slow",
          "pass": true,
          "fail": false,
          "pending": false,
          "context": null,
          "code": "cy.visit('https://opensource-demo.orangehrmlive.com/web/index.php/auth/login', {\n  timeout: 7000\n});\ncy.xpath(\"//h5[@class='oxd-text oxd-text--h5 orangehrm-login-title']\").then(function (text1) {\n  cy.log(text1.text());\n  cy.xpath(\"//input[@name='username']\").type(\"Admin\");\n  cy.xpath(\"//input[@name='password']\").type(\"admin123\");\n  cy.xpath(\"//button[@type='submit']\").click();\n});",
          "err": {},
          "uuid": "ae0a4099-02a5-4f66-9ef3-0db2beaaf307",
          "parentUUID": "29919860-c9dc-4cfd-adc5-4a7d94c68e8c",
          "isHook": false,
          "skipped": false
        }
      ],
      "suites": [],
      "passes": [
        "ae0a4099-02a5-4f66-9ef3-0db2beaaf307"
      ],
      "failures": [],
      "pending": [],
      "skipped": [],
      "duration": 10081,
      "root": true,
      "rootEmpty": false,
      "_timeout": 2000
    }
  ],
  "meta": {
    "mocha": {
      "version": "7.0.1"
    },
    "mochawesome": {
      "options": {
        "quiet": false,
        "reportFilename": "mochawesome",
        "saveHtml": false,
        "saveJson": true,
        "consoleReporter": "spec",
        "useInlineDiffs": false,
        "code": true
      },
      "version": "7.1.3"
    },
    "marge": {
      "options": {
        "charts": true,
        "overwrite": false,
        "html": false,
        "json": true,
        "reportDir": "cypress/reports"
      },
      "version": "6.2.0"
    }
  }
}