{
  "stats": {
    "suites": 0,
    "tests": 1,
    "passes": 1,
    "pending": 0,
    "failures": 0,
    "start": "2022-09-28T05:06:53.114Z",
    "end": "2022-09-28T05:07:02.060Z",
    "duration": 8946,
    "testsRegistered": 1,
    "passPercent": 100,
    "pendingPercent": 0,
    "other": 0,
    "hasOther": false,
    "skipped": 0,
    "hasSkipped": false
  },
  "results": [
    {
      "uuid": "ae863f56-fe41-4d7d-b81d-7c110226a562",
      "title": "",
      "fullFile": "cypress\\e2e\\test2.cy.js",
      "file": "cypress\\e2e\\test2.cy.js",
      "beforeHooks": [],
      "afterHooks": [],
      "tests": [
        {
          "title": "Demo QA site",
          "fullTitle": "Demo QA site",
          "timedOut": null,
          "duration": 7015,
          "state": "passed",
          "speed": "medium",
          "pass": true,
          "fail": false,
          "pending": false,
          "context": null,
          "code": "cy.visit('https://demoqa.com/', {\n  timeout: 6000\n});\ncy.contains('Elements').click();\ncy.contains('Text Box').click();\ncy.get('#userName').type(\"Pavithra\");\ncy.get('#userEmail').type(\"Pavi@gmail.com\");\ncy.get('#currentAddress').type(\"Nelamangala\");\ncy.get('#permanentAddress').type(\"Dabaspete\");\ncy.get('#submit').click();",
          "err": {},
          "uuid": "56d54121-1859-49f2-bd91-507437bb1b59",
          "parentUUID": "ae863f56-fe41-4d7d-b81d-7c110226a562",
          "isHook": false,
          "skipped": false
        }
      ],
      "suites": [],
      "passes": [
        "56d54121-1859-49f2-bd91-507437bb1b59"
      ],
      "failures": [],
      "pending": [],
      "skipped": [],
      "duration": 7015,
      "root": true,
      "rootEmpty": false,
      "_timeout": 2000
    }
  ],
  "meta": {
    "mocha": {
      "version": "7.0.1"
    },
    "mochawesome": {
      "options": {
        "quiet": false,
        "reportFilename": "mochawesome",
        "saveHtml": false,
        "saveJson": true,
        "consoleReporter": "spec",
        "useInlineDiffs": false,
        "code": true
      },
      "version": "7.1.3"
    },
    "marge": {
      "options": {
        "charts": true,
        "overwrite": false,
        "html": false,
        "json": true,
        "reportDir": "cypress/reports"
      },
      "version": "6.2.0"
    }
  }
}